{
  "RSpec": {
    "coverage": {
      "/home/johns/documents/university-documents/2015fa/cs3300/Group3/checkin/app/helpers/application_helper.rb": [
        null,
        1,
        null
      ],
      "/home/johns/documents/university-documents/2015fa/cs3300/Group3/checkin/app/models/user.rb": [
        null,
        null,
        1,
        1,
        9,
        4,
        null,
        5,
        null,
        null,
        null
      ],
      "/home/johns/documents/university-documents/2015fa/cs3300/Group3/checkin/app/models/guestlist.rb": [
        null,
        1,
        null
      ],
      "/home/johns/documents/university-documents/2015fa/cs3300/Group3/checkin/app/controllers/guestlists_controller.rb": [
        null,
        null,
        null,
        1,
        null,
        1,
        null,
        1,
        1,
        null,
        null,
        1,
        1,
        null,
        null,
        1,
        null,
        null,
        null
      ],
      "/home/johns/documents/university-documents/2015fa/cs3300/Group3/checkin/app/controllers/application_controller.rb": [
        1,
        null,
        null,
        1,
        null
      ],
      "/home/johns/documents/university-documents/2015fa/cs3300/Group3/checkin/app/controllers/users_controller.rb": [
        null,
        null,
        null,
        1,
        1,
        null,
        null,
        null,
        1,
        7,
        null,
        7,
        1,
        null,
        6,
        3,
        3,
        3,
        null,
        null,
        3,
        3,
        null,
        null,
        null,
        1,
        null,
        2,
        null,
        null,
        1,
        null,
        4,
        4,
        4,
        null,
        null,
        1,
        null,
        2,
        2,
        2,
        2,
        2,
        null,
        null,
        null,
        1,
        1,
        16,
        null,
        null,
        1,
        1,
        4,
        null,
        null
      ]
    },
    "timestamp": 1448936578
  },
  "Cucumber Features": {
    "coverage": {
      "/home/johns/documents/university-documents/2015fa/cs3300/Group3/checkin/app/controllers/users_controller.rb": [
        null,
        null,
        null,
        1,
        1,
        null,
        null,
        null,
        1,
        16,
        null,
        16,
        0,
        null,
        16,
        14,
        14,
        14,
        null,
        null,
        2,
        2,
        null,
        null,
        null,
        1,
        null,
        24,
        null,
        null,
        1,
        null,
        3,
        3,
        3,
        null,
        null,
        1,
        null,
        3,
        3,
        3,
        3,
        3,
        null,
        null,
        null,
        1,
        1,
        46,
        null,
        null,
        1,
        1,
        3,
        null,
        null
      ],
      "/home/johns/documents/university-documents/2015fa/cs3300/Group3/checkin/app/controllers/application_controller.rb": [
        1,
        null,
        null,
        1,
        null
      ],
      "/home/johns/documents/university-documents/2015fa/cs3300/Group3/checkin/app/helpers/application_helper.rb": [
        null,
        1,
        null
      ],
      "/home/johns/documents/university-documents/2015fa/cs3300/Group3/checkin/app/models/user.rb": [
        null,
        null,
        1,
        1,
        16,
        14,
        null,
        2,
        null,
        null,
        null
      ],
      "/home/johns/documents/university-documents/2015fa/cs3300/Group3/checkin/app/models/guestlist.rb": [
        null,
        1,
        null
      ],
      "/home/johns/documents/university-documents/2015fa/cs3300/Group3/checkin/app/controllers/guestlists_controller.rb": [
        null,
        null,
        null,
        1,
        null,
        1,
        8,
        null,
        null,
        1,
        13,
        null,
        null,
        1,
        null,
        null,
        null
      ]
    },
    "timestamp": 1448918224
  }
}
